c:\users\administrator\desktop\mdomquachksys\mdomquachksys\release\x64\mdomquachksys.pch
c:\users\administrator\desktop\mdomquachksys\mdomquachksys\release\x64\stdafx.obj
c:\users\administrator\desktop\mdomquachksys\mdomquachksys\release\x64\vc100.pdb
c:\users\administrator\desktop\mdomquachksys\mdomquachksys\release\x64\mnewprjdlg.obj
c:\users\administrator\desktop\mdomquachksys\mdomquachksys\release\x64\mdomquachksysview.obj
c:\users\administrator\desktop\mdomquachksys\mdomquachksys\release\x64\mdomquachksysdoc.obj
c:\users\administrator\desktop\mdomquachksys\mdomquachksys\release\x64\mdomquachksys.obj
c:\users\administrator\desktop\mdomquachksys\mdomquachksys\release\x64\mainfrm.obj
c:\users\administrator\desktop\mdomquachksys\mdomquachksys\release\x64\gradientprogressctrl.obj
c:\users\administrator\desktop\mdomquachksys\mdomquachksys\release\x64\charttitle.obj
c:\users\administrator\desktop\mdomquachksys\mdomquachksys\release\x64\chartsurfaceserie.obj
c:\users\administrator\desktop\mdomquachksys\mdomquachksys\release\x64\chartserie.obj
c:\users\administrator\desktop\mdomquachksys\mdomquachksys\release\x64\chartscrollbar.obj
c:\users\administrator\desktop\mdomquachksys\mdomquachksys\release\x64\chartpointsserie.obj
c:\users\administrator\desktop\mdomquachksys\mdomquachksys\release\x64\chartobject.obj
c:\users\administrator\desktop\mdomquachksys\mdomquachksys\release\x64\chartlineserie.obj
c:\users\administrator\desktop\mdomquachksys\mdomquachksys\release\x64\chartlegend.obj
c:\users\administrator\desktop\mdomquachksys\mdomquachksys\release\x64\chartgrid.obj
c:\users\administrator\desktop\mdomquachksys\mdomquachksys\release\x64\chartgradient.obj
c:\users\administrator\desktop\mdomquachksys\mdomquachksys\release\x64\chartctrl.obj
c:\users\administrator\desktop\mdomquachksys\mdomquachksys\release\x64\chartbarserie.obj
c:\users\administrator\desktop\mdomquachksys\mdomquachksys\release\x64\chartaxislabel.obj
c:\users\administrator\desktop\mdomquachksys\mdomquachksys\release\x64\chartaxis.obj
c:\users\administrator\desktop\mdomquachksys\mdomquachksys\release\x64\splashwnd.obj
c:\users\administrator\desktop\mdomquachksys\mdomquachksys\release\x64\propertieswnd.obj
c:\users\administrator\desktop\mdomquachksys\mdomquachksys\release\x64\outputwnd.obj
c:\users\administrator\desktop\mdomquachksys\mdomquachksys\release\x64\myviewerrender.obj
c:\users\administrator\desktop\mdomquachksys\mdomquachksys\release\x64\mytreectrl.obj
c:\users\administrator\desktop\mdomquachksys\mdomquachksys\release\x64\mysourcedatawnd.obj
c:\users\administrator\desktop\mdomquachksys\mdomquachksys\release\x64\mymfctabctrl.obj
c:\users\administrator\desktop\mdomquachksys\mdomquachksys\release\x64\mymfcribbonbar.obj
c:\users\administrator\desktop\mdomquachksys\mdomquachksys\release\x64\mymfcpropertygridctrl.obj
c:\users\administrator\desktop\mdomquachksys\mdomquachksys\release\x64\mymatchptchartwnd.obj
c:\users\administrator\desktop\mdomquachksys\mdomquachksys\release\x64\mymatchpointchartdlg.obj
c:\users\administrator\desktop\mdomquachksys\mdomquachksys\release\x64\mylistctrl.obj
c:\users\administrator\desktop\mdomquachksys\mdomquachksys\release\x64\myimgviewwnd.obj
c:\users\administrator\desktop\mdomquachksys\mdomquachksys\release\x64\myfunctions.obj
c:\users\administrator\desktop\mdomquachksys\mdomquachksys\release\x64\mydockablepane.obj
c:\users\administrator\desktop\mdomquachksys\mdomquachksys\release\x64\multithreadfuns.obj
c:\users\administrator\desktop\mdomquachksys\bin\release\x64\mdomquachksys.exe
c:\users\administrator\desktop\mdomquachksys\mdomquachksys\release\x64\mdomquachksys.exe.intermediate.manifest
c:\users\administrator\desktop\mdomquachksys\bin\release\x64\mdomquachksys.pdb
c:\users\administrator\desktop\mdomquachksys\bin\release\x64\mdomquachksys.lib
c:\users\administrator\desktop\mdomquachksys\bin\release\x64\mdomquachksys.exp
c:\users\administrator\desktop\mdomquachksys\mdomquachksys\release\x64\mdomquachksys.res
c:\users\administrator\desktop\mdomquachksys\mdomquachksys\release\x64\cl.command.1.tlog
c:\users\administrator\desktop\mdomquachksys\mdomquachksys\release\x64\cl.read.1.tlog
c:\users\administrator\desktop\mdomquachksys\mdomquachksys\release\x64\cl.write.1.tlog
c:\users\administrator\desktop\mdomquachksys\mdomquachksys\release\x64\link-cvtres.read.1.tlog
c:\users\administrator\desktop\mdomquachksys\mdomquachksys\release\x64\link-cvtres.write.1.tlog
c:\users\administrator\desktop\mdomquachksys\mdomquachksys\release\x64\link.command.1.tlog
c:\users\administrator\desktop\mdomquachksys\mdomquachksys\release\x64\link.read.1.tlog
c:\users\administrator\desktop\mdomquachksys\mdomquachksys\release\x64\link.write.1.tlog
c:\users\administrator\desktop\mdomquachksys\mdomquachksys\release\x64\mdomquachksys.write.1.tlog
c:\users\administrator\desktop\mdomquachksys\mdomquachksys\release\x64\mt.command.1.tlog
c:\users\administrator\desktop\mdomquachksys\mdomquachksys\release\x64\mt.read.1.tlog
c:\users\administrator\desktop\mdomquachksys\mdomquachksys\release\x64\mt.write.1.tlog
c:\users\administrator\desktop\mdomquachksys\mdomquachksys\release\x64\rc.command.1.tlog
c:\users\administrator\desktop\mdomquachksys\mdomquachksys\release\x64\rc.read.1.tlog
c:\users\administrator\desktop\mdomquachksys\mdomquachksys\release\x64\rc.write.1.tlog
