Code= 0x0000
MsgInf= 
-----Job[AtMatch] start-----
Machine= DESKTOP-CD5QA7B(100.64.92.209)
DateTime= Mon Sep 28 16:00:15 2015
ExecFile= C:\Users\Michael\Desktop\MDomQuaCheck\Debug\GCSvr\RunTask.exe
Code= 0x0000
MsgInf= ----TaskGrp[0]----
Machine= DESKTOP-CD5QA7B(100.64.92.209)
DateTime= Mon Sep 28 16:00:15 2015
ExecFile= C:\Users\Michael\Desktop\MDomQuaCheck\Debug\GCSvr\RunTask.exe
Code= 0x0040
MsgInf= Knl list file D:\test_prj\DomCheck\prj\ImageMatch/0AtMatchgTsk.gtsk is not available
Machine= DESKTOP-CD5QA7B(100.64.92.209)
DateTime= Mon Sep 28 16:00:15 2015
ExecFile= C:\Users\Michael\Desktop\MDomQuaCheck\Debug\GCSvr\RunTask.exe
Code= 0x0000
MsgInf= no knl list in D:\test_prj\DomCheck\prj\ImageMatch/0AtMatchgTsk.gtsk
Machine= DESKTOP-CD5QA7B(100.64.92.209)
DateTime= Mon Sep 28 16:00:15 2015
ExecFile= C:\Users\Michael\Desktop\MDomQuaCheck\Debug\GCSvr\RunTask.exe
Code= 0x0000
MsgInf= ----TaskGrp[0] end----
Machine= DESKTOP-CD5QA7B(100.64.92.209)
DateTime= Mon Sep 28 16:00:15 2015
ExecFile= C:\Users\Michael\Desktop\MDomQuaCheck\Debug\GCSvr\RunTask.exe
Code= 0x0000
MsgInf= ----TaskGrp[1]----
Machine= DESKTOP-CD5QA7B(100.64.92.209)
DateTime= Mon Sep 28 16:00:15 2015
ExecFile= C:\Users\Michael\Desktop\MDomQuaCheck\Debug\GCSvr\RunTask.exe
Code= 0x0040
MsgInf= Knl list file D:\test_prj\DomCheck\prj\ImageMatch/0AtMatchgTsk_Chk.gtsk is not available
Machine= DESKTOP-CD5QA7B(100.64.92.209)
DateTime= Mon Sep 28 16:00:15 2015
ExecFile= C:\Users\Michael\Desktop\MDomQuaCheck\Debug\GCSvr\RunTask.exe
Code= 0x0000
MsgInf= no knl list in D:\test_prj\DomCheck\prj\ImageMatch/0AtMatchgTsk_Chk.gtsk
Machine= DESKTOP-CD5QA7B(100.64.92.209)
DateTime= Mon Sep 28 16:00:15 2015
ExecFile= C:\Users\Michael\Desktop\MDomQuaCheck\Debug\GCSvr\RunTask.exe
Code= 0x0000
MsgInf= ----TaskGrp[1] end----
Machine= DESKTOP-CD5QA7B(100.64.92.209)
DateTime= Mon Sep 28 16:00:15 2015
ExecFile= C:\Users\Michael\Desktop\MDomQuaCheck\Debug\GCSvr\RunTask.exe
Code= 0x0000
MsgInf= >>>Chk...
Machine= DESKTOP-CD5QA7B(100.64.92.209)
DateTime= Mon Sep 28 16:00:15 2015
ExecFile= C:\Users\Michael\Desktop\MDomQuaCheck\Debug\GCSvr\RunTask.exe
Code= 0x0000
MsgInf= 
-----Job[AtMatch] End-----
Machine= DESKTOP-CD5QA7B(100.64.92.209)
DateTime= Mon Sep 28 16:00:15 2015
ExecFile= C:\Users\Michael\Desktop\MDomQuaCheck\Debug\GCSvr\RunTask.exe
